#
# A fatal error has been detected by the Java Runtime Environment:
#
#  SIGSEGV (0xb) at pc=0x00007f0b7971494b, pid=10483, tid=0x00007f0b611d5700
#
# JRE version: OpenJDK Runtime Environment (8.0_111-b14) (build 1.8.0_111-8u111-b14-2ubuntu0.16.04.2-b14)
# Java VM: OpenJDK 64-Bit Server VM (25.111-b14 mixed mode linux-amd64 compressed oops)
# Problematic frame:
# V  [libjvm.so+0x80a94b]
#
# Failed to write core dump. Core dumps have been disabled. To enable core dumping, try "ulimit -c unlimited" before starting Java again
#
# If you would like to submit a bug report, please visit:
#   http://bugreport.java.com/bugreport/crash.jsp
#

---------------  T H R E A D  ---------------

Current thread (0x00007f0b740b0000):  JavaThread "C2 CompilerThread1" daemon [_thread_in_native, id=10495, stack(0x00007f0b610d5000,0x00007f0b611d6000)]

siginfo: si_signo: 11 (SIGSEGV), si_code: 2 (SEGV_ACCERR), si_addr: 0x00007f0b32895fe0

Registers:
RAX=0x00007f0b308957a0, RBX=0x00007f0b3432f67c, RCX=0x00007f0b300b7f20, RDX=0x0000000000400108
RSP=0x00007f0b611d1940, RBP=0x00007f0b611d19d0, RSI=0x00007f0b3432f67c, RDI=0x00007f0b611d40d8
R8 =0x00007f0b300bf890, R9 =0x0000000000000000, R10=0x00007f0b3caf2930, R11=0x00007f0b34138040
R12=0x00007f0b611d2640, R13=0x00007f0b611d1970, R14=0x00007f0b348bfba8, R15=0x00007f0b349c0cc0
RIP=0x00007f0b7971494b, EFLAGS=0x0000000000010246, CSGSFS=0x0000000000000033, ERR=0x0000000000000004
  TRAPNO=0x000000000000000e

Top of Stack: (sp=0x00007f0b611d1940)
0x00007f0b611d1940:   0000000000000020 00007f0b7401bec0
0x00007f0b611d1950:   00007f0b611d2660 00007f0b611d2ff8
0x00007f0b611d1960:   00007f0b611d1990 00007f0b00000002
0x00007f0b611d1970:   00007f0b308e1a50 00007f0b30975cc0
0x00007f0b611d1980:   00007f0b308d57c0 00007f0b7401bec0
0x00007f0b611d1990:   000000000000000c b4cb85e1fa1c1200
0x00007f0b611d19a0:   00007f0b611d3f40 0000000000002814
0x00007f0b611d19b0:   000000000000000c 00007f0b611d3f40
0x00007f0b611d19c0:   00007f0b611d3f40 00007f0b611d2640
0x00007f0b611d19d0:   00007f0b611d1a70 00007f0b79718be0
0x00007f0b611d19e0:   00007f0b340597d8 00007f0b611d3f40
0x00007f0b611d19f0:   00007f0b611d1a20 00007f0b340596e8
0x00007f0b611d1a00:   00007f0b3c29d218 00007f0b611d4108
0x00007f0b611d1a10:   0000000000000000 0000000000000000
0x00007f0b611d1a20:   0000000000000000 0000000000000004
0x00007f0b611d1a30:   0000000000000000 b4cb85e1fa1c1200
0x00007f0b611d1a40:   00007f0b611d1a70 00007f0b611d3f40
0x00007f0b611d1a50:   00007f0b611d2640 00007f0b611d1b70
0x00007f0b611d1a60:   00007f0b340597d8 00007f0b611d3f40
0x00007f0b611d1a70:   00007f0b611d3300 00007f0b7936ec1d
0x00007f0b611d1a80:   0000000000000000 0000000000000000
0x00007f0b611d1a90:   0000000000000000 0000000000000000
0x00007f0b611d1aa0:   0000000000000000 0000000000000000
0x00007f0b611d1ab0:   0000000000000000 0000000000000000
0x00007f0b611d1ac0:   0000000000000000 0000000000000000
0x00007f0b611d1ad0:   0000000000000000 0000000000000000
0x00007f0b611d1ae0:   0000000000000000 0000000000000000
0x00007f0b611d1af0:   0000000000000000 0000000000000000
0x00007f0b611d1b00:   0000000000000000 0000000000000000
0x00007f0b611d1b10:   0000000000000000 0000000000000000
0x00007f0b611d1b20:   0000000000000000 0000000000000000
0x00007f0b611d1b30:   0000000000000000 0000000000000000 

Instructions: (pc=0x00007f0b7971494b)
0x00007f0b7971492b:   10 48 89 de 48 8d b8 98 01 00 00 e8 65 be aa ff
0x00007f0b7971493b:   84 c0 0f 85 dd 02 00 00 8b 53 28 49 8b 44 24 30
0x00007f0b7971494b:   4c 8b 3c d0 48 89 d1 4d 85 ff 0f 84 09 03 00 00
0x00007f0b7971495b:   48 8b 45 a0 4c 89 38 41 8b 77 28 89 f0 c1 e8 05 

Register to memory mapping:

RAX=0x00007f0b308957a0 is an unknown value
RBX=0x00007f0b3432f67c is an unknown value
RCX=0x00007f0b300b7f20 is an unknown value
RDX=0x0000000000400108: <offset 0x108> in /usr/lib/jvm/java-1.8.0-openjdk-amd64/bin/java at 0x0000000000400000
RSP=0x00007f0b611d1940 is pointing into the stack for thread: 0x00007f0b740b0000
RBP=0x00007f0b611d19d0 is pointing into the stack for thread: 0x00007f0b740b0000
RSI=0x00007f0b3432f67c is an unknown value
RDI=0x00007f0b611d40d8 is pointing into the stack for thread: 0x00007f0b740b0000
R8 =0x00007f0b300bf890 is an unknown value
R9 =0x0000000000000000 is an unknown value
R10=0x00007f0b3caf2930 is an unknown value
R11=0x00007f0b34138040 is an unknown value
R12=0x00007f0b611d2640 is pointing into the stack for thread: 0x00007f0b740b0000
R13=0x00007f0b611d1970 is pointing into the stack for thread: 0x00007f0b740b0000
R14=0x00007f0b348bfba8 is an unknown value
R15=0x00007f0b349c0cc0 is an unknown value


Stack: [0x00007f0b610d5000,0x00007f0b611d6000],  sp=0x00007f0b611d1940,  free space=1010k
Native frames: (J=compiled Java code, j=interpreted, Vv=VM code, C=native code)
V  [libjvm.so+0x80a94b]
V  [libjvm.so+0x80ebe0]
V  [libjvm.so+0x464c1d]
V  [libjvm.so+0x467e72]
V  [libjvm.so+0x3b7501]
V  [libjvm.so+0x472e6c]
V  [libjvm.so+0x474ca7]
V  [libjvm.so+0xa09817]
V  [libjvm.so+0xa09cdc]
V  [libjvm.so+0x8b1082]
C  [libpthread.so.0+0x770a]  start_thread+0xca


Current CompileTask:
C2: 155415 2812   !   4       org.apache.maven.model.interpolation.StringSearchModelInterpolator$InterpolateObjectAction::traverseObjectWithParents (118 bytes)


---------------  P R O C E S S  ---------------

Java Threads: ( => current thread )
  0x00007f0b74e15800 JavaThread "Thread-2" [_thread_in_native, id=10586, stack(0x00007f0b26ca8000,0x00007f0b26da9000)]
  0x00007f0b74e14800 JavaThread "Thread-1" [_thread_in_native, id=10585, stack(0x00007f0b26da9000,0x00007f0b26eaa000)]
  0x00007f0b74e13800 JavaThread "process reaper" daemon [_thread_in_native, id=10584, stack(0x00007f0b608b7000,0x00007f0b608f0000)]
  0x00007f0b74dd8800 JavaThread "ThreadedStreamConsumer" [_thread_blocked, id=10581, stack(0x00007f0b26eaa000,0x00007f0b26fab000)]
  0x00007f0b74dee000 JavaThread "resolver-4" daemon [_thread_blocked, id=10580, stack(0x00007f0b26fab000,0x00007f0b270ac000)]
  0x00007f0b74dd2000 JavaThread "resolver-3" daemon [_thread_blocked, id=10579, stack(0x00007f0b270ac000,0x00007f0b271ad000)]
  0x00007f0b74de6000 JavaThread "resolver-2" daemon [_thread_blocked, id=10578, stack(0x00007f0b271ad000,0x00007f0b272ae000)]
  0x00007f0b74dd7000 JavaThread "resolver-1" daemon [_thread_blocked, id=10577, stack(0x00007f0b27cd3000,0x00007f0b27dd4000)]
  0x00007f0b740b9800 JavaThread "Service Thread" daemon [_thread_blocked, id=10497, stack(0x00007f0b60ed3000,0x00007f0b60fd4000)]
  0x00007f0b740b2000 JavaThread "C1 CompilerThread2" daemon [_thread_blocked, id=10496, stack(0x00007f0b60fd4000,0x00007f0b610d5000)]
=>0x00007f0b740b0000 JavaThread "C2 CompilerThread1" daemon [_thread_in_native, id=10495, stack(0x00007f0b610d5000,0x00007f0b611d6000)]
  0x00007f0b740ad000 JavaThread "C2 CompilerThread0" daemon [_thread_in_vm, id=10494, stack(0x00007f0b611d6000,0x00007f0b612d7000)]
  0x00007f0b740ab000 JavaThread "Signal Dispatcher" daemon [_thread_blocked, id=10493, stack(0x00007f0b612d7000,0x00007f0b613d8000)]
  0x00007f0b74083800 JavaThread "Finalizer" daemon [_thread_blocked, id=10492, stack(0x00007f0b616b1000,0x00007f0b617b2000)]
  0x00007f0b7407f000 JavaThread "Reference Handler" daemon [_thread_blocked, id=10491, stack(0x00007f0b617b2000,0x00007f0b618b3000)]
  0x00007f0b7400a000 JavaThread "main" [_thread_blocked, id=10485, stack(0x00007f0b7ab55000,0x00007f0b7ac56000)]

Other Threads:
  0x00007f0b74077800 VMThread [stack: 0x00007f0b618b3000,0x00007f0b619b4000] [id=10490]
  0x00007f0b740bc000 WatcherThread [stack: 0x00007f0b60dd2000,0x00007f0b60ed3000] [id=10498]

VM state:not at safepoint (normal execution)

VM Mutex/Monitor currently owned by a thread: None

Heap:
 PSYoungGen      total 132096K, used 75307K [0x00000000d7180000, 0x00000000df780000, 0x0000000100000000)
  eden space 126976K, 55% used [0x00000000d7180000,0x00000000db60ecd8,0x00000000ded80000)
  from space 5120K, 99% used [0x00000000df280000,0x00000000df77c010,0x00000000df780000)
  to   space 5120K, 0% used [0x00000000ded80000,0x00000000ded80000,0x00000000df280000)
 ParOldGen       total 84992K, used 8552K [0x0000000085400000, 0x000000008a700000, 0x00000000d7180000)
  object space 84992K, 10% used [0x0000000085400000,0x0000000085c5a210,0x000000008a700000)
 Metaspace       used 19120K, capacity 19648K, committed 19840K, reserved 1067008K
  class space    used 2234K, capacity 2419K, committed 2432K, reserved 1048576K

Card table byte_map: [0x00007f0b63e20000,0x00007f0b641f7000] byte_map_base: 0x00007f0b639f6000

Marking Bits: (ParMarkBitMap*) 0x00007f0b79e27220
 Begin Bits: [0x00007f0b4c2a0000, 0x00007f0b4e150000)
 End Bits:   [0x00007f0b4e150000, 0x00007f0b50000000)

Polling page: 0x00007f0b7ac79000

CodeCache: size=245760Kb used=10615Kb max_used=10635Kb free=235144Kb
 bounds [0x00007f0b645b7000, 0x00007f0b65027000, 0x00007f0b735b7000]
 total_blobs=3676 nmethods=3312 adapters=278
 compilation: enabled

Compilation events (10 events):
Event: 155,393 Thread 0x00007f0b740b2000 3342       1       java.lang.ProcessEnvironment$ExternalData::toString (5 bytes)
Event: 155,393 Thread 0x00007f0b740b2000 nmethod 3342 0x00007f0b650071d0 code [0x00007f0b65007320, 0x00007f0b65007430]
Event: 155,394 Thread 0x00007f0b740b2000 3343       1       java.lang.ProcessEnvironment$ExternalData::getBytes (5 bytes)
Event: 155,394 Thread 0x00007f0b740b2000 nmethod 3343 0x00007f0b65006f10 code [0x00007f0b65007060, 0x00007f0b65007170]
Event: 155,394 Thread 0x00007f0b740b2000 3344       2       java.util.Arrays::binarySearch (9 bytes)
Event: 155,394 Thread 0x00007f0b740b2000 nmethod 3344 0x00007f0b650145d0 code [0x00007f0b65014740, 0x00007f0b650148a8]
Event: 155,395 Thread 0x00007f0b740b2000 3345       2       java.util.Arrays::binarySearch0 (72 bytes)
Event: 155,395 Thread 0x00007f0b740b2000 nmethod 3345 0x00007f0b65014950 code [0x00007f0b65014ac0, 0x00007f0b65014cb0]
Event: 155,395 Thread 0x00007f0b740b2000 3346       2       sun.nio.cs.UTF_8$Encoder::encode (359 bytes)
Event: 155,396 Thread 0x00007f0b740b2000 nmethod 3346 0x00007f0b65014e10 code [0x00007f0b65014fc0, 0x00007f0b65015628]

GC Heap History (8 events):
Event: 0,685 GC heap before
{Heap before GC invocations=1 (full 0):
 PSYoungGen      total 36864K, used 31744K [0x00000000d7180000, 0x00000000d9a80000, 0x0000000100000000)
  eden space 31744K, 100% used [0x00000000d7180000,0x00000000d9080000,0x00000000d9080000)
  from space 5120K, 0% used [0x00000000d9580000,0x00000000d9580000,0x00000000d9a80000)
  to   space 5120K, 0% used [0x00000000d9080000,0x00000000d9080000,0x00000000d9580000)
 ParOldGen       total 84992K, used 0K [0x0000000085400000, 0x000000008a700000, 0x00000000d7180000)
  object space 84992K, 0% used [0x0000000085400000,0x0000000085400000,0x000000008a700000)
 Metaspace       used 7298K, capacity 7528K, committed 7680K, reserved 1056768K
  class space    used 896K, capacity 956K, committed 1024K, reserved 1048576K
Event: 0,704 GC heap after
Heap after GC invocations=1 (full 0):
 PSYoungGen      total 36864K, used 4190K [0x00000000d7180000, 0x00000000db980000, 0x0000000100000000)
  eden space 31744K, 0% used [0x00000000d7180000,0x00000000d7180000,0x00000000d9080000)
  from space 5120K, 81% used [0x00000000d9080000,0x00000000d94979c8,0x00000000d9580000)
  to   space 5120K, 0% used [0x00000000db480000,0x00000000db480000,0x00000000db980000)
 ParOldGen       total 84992K, used 0K [0x0000000085400000, 0x000000008a700000, 0x00000000d7180000)
  object space 84992K, 0% used [0x0000000085400000,0x0000000085400000,0x000000008a700000)
 Metaspace       used 7298K, capacity 7528K, committed 7680K, reserved 1056768K
  class space    used 896K, capacity 956K, committed 1024K, reserved 1048576K
}
Event: 1,494 GC heap before
{Heap before GC invocations=2 (full 0):
 PSYoungGen      total 36864K, used 35934K [0x00000000d7180000, 0x00000000db980000, 0x0000000100000000)
  eden space 31744K, 100% used [0x00000000d7180000,0x00000000d9080000,0x00000000d9080000)
  from space 5120K, 81% used [0x00000000d9080000,0x00000000d94979c8,0x00000000d9580000)
  to   space 5120K, 0% used [0x00000000db480000,0x00000000db480000,0x00000000db980000)
 ParOldGen       total 84992K, used 0K [0x0000000085400000, 0x000000008a700000, 0x00000000d7180000)
  object space 84992K, 0% used [0x0000000085400000,0x0000000085400000,0x000000008a700000)
 Metaspace       used 12035K, capacity 12358K, committed 12672K, reserved 1060864K
  class space    used 1470K, capacity 1557K, committed 1664K, reserved 1048576K
Event: 1,521 GC heap after
Heap after GC invocations=2 (full 0):
 PSYoungGen      total 68608K, used 5104K [0x00000000d7180000, 0x00000000db980000, 0x0000000100000000)
  eden space 63488K, 0% used [0x00000000d7180000,0x00000000d7180000,0x00000000daf80000)
  from space 5120K, 99% used [0x00000000db480000,0x00000000db97c1e8,0x00000000db980000)
  to   space 5120K, 0% used [0x00000000daf80000,0x00000000daf80000,0x00000000db480000)
 ParOldGen       total 84992K, used 985K [0x0000000085400000, 0x000000008a700000, 0x00000000d7180000)
  object space 84992K, 1% used [0x0000000085400000,0x00000000854f6680,0x000000008a700000)
 Metaspace       used 12035K, capacity 12358K, committed 12672K, reserved 1060864K
  class space    used 1470K, capacity 1557K, committed 1664K, reserved 1048576K
}
Event: 154,479 GC heap before
{Heap before GC invocations=3 (full 0):
 PSYoungGen      total 68608K, used 68592K [0x00000000d7180000, 0x00000000db980000, 0x0000000100000000)
  eden space 63488K, 100% used [0x00000000d7180000,0x00000000daf80000,0x00000000daf80000)
  from space 5120K, 99% used [0x00000000db480000,0x00000000db97c1e8,0x00000000db980000)
  to   space 5120K, 0% used [0x00000000daf80000,0x00000000daf80000,0x00000000db480000)
 ParOldGen       total 84992K, used 985K [0x0000000085400000, 0x000000008a700000, 0x00000000d7180000)
  object space 84992K, 1% used [0x0000000085400000,0x00000000854f6680,0x000000008a700000)
 Metaspace       used 16795K, capacity 17248K, committed 17408K, reserved 1064960K
  class space    used 2046K, capacity 2197K, committed 2304K, reserved 1048576K
Event: 154,493 GC heap after
Heap after GC invocations=3 (full 0):
 PSYoungGen      total 68608K, used 5104K [0x00000000d7180000, 0x00000000df780000, 0x0000000100000000)
  eden space 63488K, 0% used [0x00000000d7180000,0x00000000d7180000,0x00000000daf80000)
  from space 5120K, 99% used [0x00000000daf80000,0x00000000db47c030,0x00000000db480000)
  to   space 5120K, 0% used [0x00000000df280000,0x00000000df280000,0x00000000df780000)
 ParOldGen       total 84992K, used 6227K [0x0000000085400000, 0x000000008a700000, 0x00000000d7180000)
  object space 84992K, 7% used [0x0000000085400000,0x0000000085a14eb8,0x000000008a700000)
 Metaspace       used 16795K, capacity 17248K, committed 17408K, reserved 1064960K
  class space    used 2046K, capacity 2197K, committed 2304K, reserved 1048576K
}
Event: 154,869 GC heap before
{Heap before GC invocations=4 (full 0):
 PSYoungGen      total 68608K, used 68592K [0x00000000d7180000, 0x00000000df780000, 0x0000000100000000)
  eden space 63488K, 100% used [0x00000000d7180000,0x00000000daf80000,0x00000000daf80000)
  from space 5120K, 99% used [0x00000000daf80000,0x00000000db47c030,0x00000000db480000)
  to   space 5120K, 0% used [0x00000000df280000,0x00000000df280000,0x00000000df780000)
 ParOldGen       total 84992K, used 6227K [0x0000000085400000, 0x000000008a700000, 0x00000000d7180000)
  object space 84992K, 7% used [0x0000000085400000,0x0000000085a14eb8,0x000000008a700000)
 Metaspace       used 17208K, capacity 17634K, committed 17920K, reserved 1064960K
  class space    used 2049K, capacity 2199K, committed 2304K, reserved 1048576K
Event: 154,881 GC heap after
Heap after GC invocations=4 (full 0):
 PSYoungGen      total 132096K, used 5104K [0x00000000d7180000, 0x00000000df780000, 0x0000000100000000)
  eden space 126976K, 0% used [0x00000000d7180000,0x00000000d7180000,0x00000000ded80000)
  from space 5120K, 99% used [0x00000000df280000,0x00000000df77c010,0x00000000df780000)
  to   space 5120K, 0% used [0x00000000ded80000,0x00000000ded80000,0x00000000df280000)
 ParOldGen       total 84992K, used 8552K [0x0000000085400000, 0x000000008a700000, 0x00000000d7180000)
  object space 84992K, 10% used [0x0000000085400000,0x0000000085c5a210,0x000000008a700000)
 Metaspace       used 17208K, capacity 17634K, committed 17920K, reserved 1064960K
  class space    used 2049K, capacity 2199K, committed 2304K, reserved 1048576K
}

Deoptimization events (10 events):
Event: 154,680 Thread 0x00007f0b7400a000 Uncommon trap: reason=speculate_class_check action=maybe_recompile pc=0x00007f0b64daacb8 method=java.nio.charset.CharsetDecoder.decode(Ljava/nio/ByteBuffer;Ljava/nio/CharBuffer;Z)Ljava/nio/charset/CoderResult; @ 57
Event: 154,682 Thread 0x00007f0b7400a000 Uncommon trap: reason=class_check action=maybe_recompile pc=0x00007f0b64bfdb40 method=org.apache.maven.model.interpolation.StringSearchModelInterpolator$InterpolateObjectAction.interpolateMapField(Ljava/lang/Object;Ljava/lang/reflect/Field;)V @ 126
Event: 154,682 Thread 0x00007f0b7400a000 Uncommon trap: reason=class_check action=maybe_recompile pc=0x00007f0b64bfdb40 method=org.apache.maven.model.interpolation.StringSearchModelInterpolator$InterpolateObjectAction.interpolateMapField(Ljava/lang/Object;Ljava/lang/reflect/Field;)V @ 126
Event: 154,682 Thread 0x00007f0b7400a000 Uncommon trap: reason=class_check action=maybe_recompile pc=0x00007f0b64bfdb40 method=org.apache.maven.model.interpolation.StringSearchModelInterpolator$InterpolateObjectAction.interpolateMapField(Ljava/lang/Object;Ljava/lang/reflect/Field;)V @ 126
Event: 154,891 Thread 0x00007f0b7400a000 Uncommon trap: reason=speculate_class_check action=maybe_recompile pc=0x00007f0b64daacb8 method=java.nio.charset.CharsetDecoder.decode(Ljava/nio/ByteBuffer;Ljava/nio/CharBuffer;Z)Ljava/nio/charset/CoderResult; @ 57
Event: 154,894 Thread 0x00007f0b7400a000 Uncommon trap: reason=class_check action=maybe_recompile pc=0x00007f0b64bfdb40 method=org.apache.maven.model.interpolation.StringSearchModelInterpolator$InterpolateObjectAction.interpolateMapField(Ljava/lang/Object;Ljava/lang/reflect/Field;)V @ 126
Event: 154,899 Thread 0x00007f0b7400a000 Uncommon trap: reason=class_check action=maybe_recompile pc=0x00007f0b64bbc148 method=org.apache.maven.model.interpolation.StringSearchModelInterpolator$InterpolateObjectAction.interpolateMapField(Ljava/lang/Object;Ljava/lang/reflect/Field;)V @ 126
Event: 154,926 Thread 0x00007f0b7400a000 Uncommon trap: reason=unstable_if action=reinterpret pc=0x00007f0b64cb13dc method=java.util.LinkedHashMap.afterNodeInsertion(Z)V @ 18
Event: 155,373 Thread 0x00007f0b7400a000 Uncommon trap: reason=unstable_if action=reinterpret pc=0x00007f0b64c77db4 method=java.lang.Long.stringSize(J)I @ 11
Event: 155,395 Thread 0x00007f0b7400a000 Uncommon trap: reason=unstable_if action=reinterpret pc=0x00007f0b646f8424 method=sun.nio.cs.UTF_8$Encoder.encode([CII[B)I @ 33

Internal exceptions (10 events):
Event: 1,651 Thread 0x00007f0b7400a000 Implicit null exception at 0x00007f0b6492bb2f to 0x00007f0b6492bb99
Event: 1,734 Thread 0x00007f0b7400a000 Implicit null exception at 0x00007f0b64adae86 to 0x00007f0b64adb1a9
Event: 1,855 Thread 0x00007f0b7400a000 Implicit null exception at 0x00007f0b64932998 to 0x00007f0b64932a26
Event: 1,908 Thread 0x00007f0b7400a000 Exception <a 'java/lang/NoClassDefFoundError': org/apache/log4j/Category> (0x00000000d93b5bf0) thrown at [/build/openjdk-8-8jAw7G/openjdk-8-8u111-b14/src/hotspot/src/share/vm/classfile/systemDictionary.cpp, line 199]
Event: 154,169 Thread 0x00007f0b747c5000 Exception <a 'java/net/SocketTimeoutException': Read timed out> (0x00000000daa37608) thrown at [/build/openjdk-8-8jAw7G/openjdk-8-8u111-b14/src/hotspot/src/share/vm/prims/jni.cpp, line 735]
Event: 154,426 Thread 0x00007f0b7400a000 Exception <a 'java/lang/NoClassDefFoundError': org/slf4j/Logger> (0x00000000dacee598) thrown at [/build/openjdk-8-8jAw7G/openjdk-8-8u111-b14/src/hotspot/src/share/vm/oops/constantPool.cpp, line 235]
Event: 154,971 Thread 0x00007f0b7400a000 Exception <a 'java/lang/NoClassDefFoundError': org/slf4j/Logger> (0x00000000d8109980) thrown at [/build/openjdk-8-8jAw7G/openjdk-8-8u111-b14/src/hotspot/src/share/vm/oops/constantPool.cpp, line 235]
Event: 155,053 Thread 0x00007f0b7400a000 Exception <a 'java/lang/NoClassDefFoundError': org/slf4j/Logger> (0x00000000d8977538) thrown at [/build/openjdk-8-8jAw7G/openjdk-8-8u111-b14/src/hotspot/src/share/vm/oops/constantPool.cpp, line 235]
Event: 155,221 Thread 0x00007f0b7400a000 Exception <a 'java/lang/NoClassDefFoundError': org/slf4j/Logger> (0x00000000d9d74978) thrown at [/build/openjdk-8-8jAw7G/openjdk-8-8u111-b14/src/hotspot/src/share/vm/oops/constantPool.cpp, line 235]
Event: 155,294 Thread 0x00007f0b7400a000 Exception <a 'java/lang/NoClassDefFoundError': org/slf4j/Logger> (0x00000000da4b9398) thrown at [/build/openjdk-8-8jAw7G/openjdk-8-8u111-b14/src/hotspot/src/share/vm/oops/constantPool.cpp, line 235]

Events (10 events):
Event: 155,398 loading class org/codehaus/plexus/util/cli/AbstractStreamHandler
Event: 155,398 loading class org/codehaus/plexus/util/cli/AbstractStreamHandler done
Event: 155,398 Thread 0x00007f0b74e14800 Thread added: 0x00007f0b74e14800
Event: 155,398 Thread 0x00007f0b74e15800 Thread added: 0x00007f0b74e15800
Event: 155,398 loading class org/codehaus/plexus/util/cli/ShutdownHookUtils
Event: 155,398 loading class org/codehaus/plexus/util/cli/ShutdownHookUtils done
Event: 155,399 loading class org/codehaus/plexus/util/cli/ShutdownHookUtils
Event: 155,399 loading class org/codehaus/plexus/util/cli/ShutdownHookUtils done
Event: 155,399 loading class java/security/AccessControlException
Event: 155,399 loading class java/security/AccessControlException done


Dynamic libraries:
00400000-00401000 r-xp 00000000 08:03 1704882                            /usr/lib/jvm/java-8-openjdk-amd64/jre/bin/java
00600000-00601000 r--p 00000000 08:03 1704882                            /usr/lib/jvm/java-8-openjdk-amd64/jre/bin/java
00601000-00602000 rw-p 00001000 08:03 1704882                            /usr/lib/jvm/java-8-openjdk-amd64/jre/bin/java
022eb000-0230c000 rw-p 00000000 00:00 0                                  [heap]
85400000-8a700000 rw-p 00000000 00:00 0 
8a700000-d7180000 ---p 00000000 00:00 0 
d7180000-df780000 rw-p 00000000 00:00 0 
df780000-100000000 ---p 00000000 00:00 0 
100000000-100260000 rw-p 00000000 00:00 0 
100260000-140000000 ---p 00000000 00:00 0 
7f0b04000000-7f0b04021000 rw-p 00000000 00:00 0 
7f0b04021000-7f0b08000000 ---p 00000000 00:00 0 
7f0b08000000-7f0b08021000 rw-p 00000000 00:00 0 
7f0b08021000-7f0b0c000000 ---p 00000000 00:00 0 
7f0b0c000000-7f0b0c021000 rw-p 00000000 00:00 0 
7f0b0c021000-7f0b10000000 ---p 00000000 00:00 0 
7f0b10000000-7f0b10021000 rw-p 00000000 00:00 0 
7f0b10021000-7f0b14000000 ---p 00000000 00:00 0 
7f0b14000000-7f0b14021000 rw-p 00000000 00:00 0 
7f0b14021000-7f0b18000000 ---p 00000000 00:00 0 
7f0b18000000-7f0b18021000 rw-p 00000000 00:00 0 
7f0b18021000-7f0b1c000000 ---p 00000000 00:00 0 
7f0b1c000000-7f0b1c1a2000 rw-p 00000000 00:00 0 
7f0b1c1a2000-7f0b20000000 ---p 00000000 00:00 0 
7f0b20000000-7f0b20021000 rw-p 00000000 00:00 0 
7f0b20021000-7f0b24000000 ---p 00000000 00:00 0 
7f0b26ca8000-7f0b26cab000 ---p 00000000 00:00 0 
7f0b26cab000-7f0b26da9000 rw-p 00000000 00:00 0 
7f0b26da9000-7f0b26dac000 ---p 00000000 00:00 0 
7f0b26dac000-7f0b26eaa000 rw-p 00000000 00:00 0 
7f0b26eaa000-7f0b26ead000 ---p 00000000 00:00 0 
7f0b26ead000-7f0b26fab000 rw-p 00000000 00:00 0 
7f0b26fab000-7f0b26fae000 ---p 00000000 00:00 0 
7f0b26fae000-7f0b270ac000 rw-p 00000000 00:00 0 
7f0b270ac000-7f0b270af000 ---p 00000000 00:00 0 
7f0b270af000-7f0b271ad000 rw-p 00000000 00:00 0 
7f0b271ad000-7f0b271b0000 ---p 00000000 00:00 0 
7f0b271b0000-7f0b273ae000 rw-p 00000000 00:00 0 
7f0b273ae000-7f0b274ae000 ---p 00000000 00:00 0 
7f0b274ae000-7f0b274c5000 r-xp 00000000 08:03 4723245                    /lib/x86_64-linux-gnu/libresolv-2.23.so
7f0b274c5000-7f0b276c5000 ---p 00017000 08:03 4723245                    /lib/x86_64-linux-gnu/libresolv-2.23.so
7f0b276c5000-7f0b276c6000 r--p 00017000 08:03 4723245                    /lib/x86_64-linux-gnu/libresolv-2.23.so
7f0b276c6000-7f0b276c7000 rw-p 00018000 08:03 4723245                    /lib/x86_64-linux-gnu/libresolv-2.23.so
7f0b276c7000-7f0b276c9000 rw-p 00000000 00:00 0 
7f0b276c9000-7f0b276ce000 r-xp 00000000 08:03 4723261                    /lib/x86_64-linux-gnu/libnss_dns-2.23.so
7f0b276ce000-7f0b278ce000 ---p 00005000 08:03 4723261                    /lib/x86_64-linux-gnu/libnss_dns-2.23.so
7f0b278ce000-7f0b278cf000 r--p 00005000 08:03 4723261                    /lib/x86_64-linux-gnu/libnss_dns-2.23.so
7f0b278cf000-7f0b278d0000 rw-p 00006000 08:03 4723261                    /lib/x86_64-linux-gnu/libnss_dns-2.23.so
7f0b278d0000-7f0b278d2000 r-xp 00000000 08:03 4723428                    /lib/x86_64-linux-gnu/libnss_mdns4_minimal.so.2
7f0b278d2000-7f0b27ad1000 ---p 00002000 08:03 4723428                    /lib/x86_64-linux-gnu/libnss_mdns4_minimal.so.2
7f0b27ad1000-7f0b27ad2000 r--p 00001000 08:03 4723428                    /lib/x86_64-linux-gnu/libnss_mdns4_minimal.so.2
7f0b27ad2000-7f0b27ad3000 rw-p 00002000 08:03 4723428                    /lib/x86_64-linux-gnu/libnss_mdns4_minimal.so.2
7f0b27ad3000-7f0b27cd3000 rw-p 00000000 00:00 0 
7f0b27cd3000-7f0b27cd6000 ---p 00000000 00:00 0 
7f0b27cd6000-7f0b27dd4000 rw-p 00000000 00:00 0 
7f0b27dd4000-7f0b27dfc000 r-xp 00000000 08:03 1704809                    /usr/lib/jvm/java-8-openjdk-amd64/jre/lib/amd64/libsunec.so
7f0b27dfc000-7f0b27ffb000 ---p 00028000 08:03 1704809                    /usr/lib/jvm/java-8-openjdk-amd64/jre/lib/amd64/libsunec.so
7f0b27ffb000-7f0b27fff000 r--p 00027000 08:03 1704809                    /usr/lib/jvm/java-8-openjdk-amd64/jre/lib/amd64/libsunec.so
7f0b27fff000-7f0b28000000 rw-p 0002b000 08:03 1704809                    /usr/lib/jvm/java-8-openjdk-amd64/jre/lib/amd64/libsunec.so
7f0b28000000-7f0b28021000 rw-p 00000000 00:00 0 
7f0b28021000-7f0b2c000000 ---p 00000000 00:00 0 
7f0b2c000000-7f0b2c021000 rw-p 00000000 00:00 0 
7f0b2c021000-7f0b30000000 ---p 00000000 00:00 0 
7f0b30000000-7f0b317ad000 rw-p 00000000 00:00 0 
7f0b317ad000-7f0b34000000 ---p 00000000 00:00 0 
7f0b34000000-7f0b34bd7000 rw-p 00000000 00:00 0 
7f0b34bd7000-7f0b38000000 ---p 00000000 00:00 0 
7f0b38000000-7f0b38021000 rw-p 00000000 00:00 0 
7f0b38021000-7f0b3c000000 ---p 00000000 00:00 0 
7f0b3c000000-7f0b3de15000 rw-p 00000000 00:00 0 
7f0b3de15000-7f0b40000000 ---p 00000000 00:00 0 
7f0b40000000-7f0b40021000 rw-p 00000000 00:00 0 
7f0b40021000-7f0b44000000 ---p 00000000 00:00 0 
7f0b44000000-7f0b44021000 rw-p 00000000 00:00 0 
7f0b44021000-7f0b48000000 ---p 00000000 00:00 0 
7f0b48000000-7f0b48021000 rw-p 00000000 00:00 0 
7f0b48021000-7f0b4c000000 ---p 00000000 00:00 0 
7f0b4c0a0000-7f0b50000000 rw-p 00000000 00:00 0 
7f0b50000000-7f0b50021000 rw-p 00000000 00:00 0 
7f0b50021000-7f0b54000000 ---p 00000000 00:00 0 
7f0b54000000-7f0b54021000 rw-p 00000000 00:00 0 
7f0b54021000-7f0b58000000 ---p 00000000 00:00 0 
7f0b58000000-7f0b58021000 rw-p 00000000 00:00 0 
7f0b58021000-7f0b5c000000 ---p 00000000 00:00 0 
7f0b5c000000-7f0b5c021000 rw-p 00000000 00:00 0 
7f0b5c021000-7f0b60000000 ---p 00000000 00:00 0 
7f0b600ce000-7f0b600cf000 r--s 00002000 08:03 5643078                    /home/michel/.m2/repository/org/apache/maven/reporting/maven-reporting-api/2.0.9/maven-reporting-api-2.0.9.jar
7f0b600cf000-7f0b600d2000 r--s 00034000 08:03 133410                     /home/michel/.m2/repository/org/codehaus/plexus/plexus-utils/2.1/plexus-utils-2.1.jar
7f0b600d2000-7f0b600d4000 r--s 00006000 08:03 262346                     /home/michel/.m2/repository/org/apache/maven/shared/maven-common-artifact-filters/1.3/maven-common-artifact-filters-1.3.jar
7f0b600d4000-7f0b600d9000 r--s 00023000 08:03 5900119                    /home/michel/.m2/repository/org/apache/maven/surefire/surefire-api/2.10/surefire-api-2.10.jar
7f0b600d9000-7f0b600e7000 r--s 0008f000 08:03 133354                     /home/michel/.m2/repository/com/google/collections/google-collections/1.0/google-collections-1.0.jar
7f0b600e7000-7f0b600f8000 r-xp 00000000 08:03 1704786                    /usr/lib/jvm/java-8-openjdk-amd64/jre/lib/amd64/libnio.so
7f0b600f8000-7f0b602f8000 ---p 00011000 08:03 1704786                    /usr/lib/jvm/java-8-openjdk-amd64/jre/lib/amd64/libnio.so
7f0b602f8000-7f0b602f9000 r--p 00011000 08:03 1704786                    /usr/lib/jvm/java-8-openjdk-amd64/jre/lib/amd64/libnio.so
7f0b602f9000-7f0b602fa000 rw-p 00012000 08:03 1704786                    /usr/lib/jvm/java-8-openjdk-amd64/jre/lib/amd64/libnio.so
7f0b602fa000-7f0b605fb000 rw-p 00000000 00:00 0 
7f0b605fb000-7f0b60612000 r-xp 00000000 08:03 1704812                    /usr/lib/jvm/java-8-openjdk-amd64/jre/lib/amd64/libnet.so
7f0b60612000-7f0b60811000 ---p 00017000 08:03 1704812                    /usr/lib/jvm/java-8-openjdk-amd64/jre/lib/amd64/libnet.so
7f0b60811000-7f0b60812000 r--p 00016000 08:03 1704812                    /usr/lib/jvm/java-8-openjdk-amd64/jre/lib/amd64/libnet.so
7f0b60812000-7f0b60813000 rw-p 00017000 08:03 1704812                    /usr/lib/jvm/java-8-openjdk-amd64/jre/lib/amd64/libnet.so
7f0b60813000-7f0b60815000 r--s 0000d000 08:03 262345                     /home/michel/.m2/repository/org/apache/maven/surefire/maven-surefire-common/2.10/maven-surefire-common-2.10.jar
7f0b60815000-7f0b60817000 r--s 00007000 08:03 5643076                    /home/michel/.m2/repository/org/apache/maven/surefire/surefire-booter/2.10/surefire-booter-2.10.jar
7f0b60817000-7f0b60819000 r--s 00006000 08:03 5507455                    /home/michel/.m2/repository/org/apache/maven/plugins/maven-surefire-plugin/2.10/maven-surefire-plugin-2.10.jar
7f0b60819000-7f0b6081c000 r--s 0001b000 08:03 133356                     /home/michel/.m2/repository/junit/junit/3.8.2/junit-3.8.2.jar
7f0b6081c000-7f0b6081d000 r--s 0000a000 08:03 133352                     /home/michel/.m2/repository/commons-logging/commons-logging-api/1.1/commons-logging-api-1.1.jar
7f0b6081d000-7f0b60824000 r--s 00051000 08:03 133351                     /home/michel/.m2/repository/log4j/log4j/1.2.12/log4j-1.2.12.jar
7f0b60824000-7f0b60828000 r--s 0001d000 08:03 5643070                    /home/michel/.m2/repository/org/apache/xbean/xbean-reflect/3.4/xbean-reflect-3.4.jar
7f0b60828000-7f0b60829000 r--s 00004000 08:03 133348                     /home/michel/.m2/repository/org/codehaus/plexus/plexus-compiler-javac/2.2/plexus-compiler-javac-2.2.jar
7f0b60829000-7f0b6082b000 r--s 00000000 08:03 133346                     /home/michel/.m2/repository/org/codehaus/plexus/plexus-compiler-manager/2.2/plexus-compiler-manager-2.2.jar
7f0b6082b000-7f0b6082d000 r--s 00005000 08:03 133343                     /home/michel/.m2/repository/org/codehaus/plexus/plexus-compiler-api/2.2/plexus-compiler-api-2.2.jar
7f0b6082d000-7f0b6082f000 r--s 00002000 08:03 133342                     /home/michel/.m2/repository/org/apache/maven/shared/maven-shared-incremental/1.1/maven-shared-incremental-1.1.jar
7f0b6082f000-7f0b60831000 r--s 00006000 08:03 5508430                    /home/michel/.m2/repository/com/google/code/findbugs/jsr305/2.0.1/jsr305-2.0.1.jar
7f0b60831000-7f0b60834000 r--s 00023000 08:03 133344                     /home/michel/.m2/repository/org/apache/maven/shared/maven-shared-utils/0.1/maven-shared-utils-0.1.jar
7f0b60834000-7f0b60838000 r--s 00030000 08:03 5508448                    /home/michel/.m2/repository/org/codehaus/plexus/plexus-utils/1.5.1/plexus-utils-1.5.1.jar
7f0b60838000-7f0b6083a000 r--s 00009000 08:03 5507438                    /home/michel/.m2/repository/org/apache/maven/plugins/maven-compiler-plugin/3.1/maven-compiler-plugin-3.1.jar
7f0b6083a000-7f0b6083c000 r--s 0000d000 08:03 132734                     /home/michel/.m2/repository/org/codehaus/plexus/plexus-interpolation/1.13/plexus-interpolation-1.13.jar
7f0b6083c000-7f0b6083d000 r--s 00001000 08:03 132715                     /home/michel/.m2/repository/org/sonatype/plexus/plexus-build-api/0.0.4/plexus-build-api-0.0.4.jar
7f0b6083d000-7f0b6083f000 r--s 00009000 08:03 132718                     /home/michel/.m2/repository/org/apache/maven/shared/maven-filtering/1.0/maven-filtering-1.0.jar
7f0b6083f000-7f0b60840000 r--s 00001000 08:03 132716                     /home/michel/.m2/repository/org/apache/maven/doxia/doxia-sink-api/1.0-alpha-7/doxia-sink-api-1.0-alpha-7.jar
7f0b60840000-7f0b60841000 r--s 00002000 08:03 132717                     /home/michel/.m2/repository/org/apache/maven/reporting/maven-reporting-api/2.0.6/maven-reporting-api-2.0.6.jar
7f0b60841000-7f0b60843000 r--s 00005000 08:03 5507419                    /home/michel/.m2/repository/org/apache/maven/plugins/maven-resources-plugin/2.5/maven-resources-plugin-2.5.jar
7f0b60843000-7f0b60851000 r--s 0007f000 08:03 132616                     /home/michel/.m2/repository/commons-collections/commons-collections/3.2.1/commons-collections-3.2.1.jar
7f0b60851000-7f0b60856000 r--s 00041000 08:03 132614                     /home/michel/.m2/repository/commons-lang/commons-lang/2.6/commons-lang-2.6.jar
7f0b60856000-7f0b60858000 r--s 00006000 08:03 132612                     /home/michel/.m2/repository/org/apache/maven/shared/maven-invoker/2.0.11/maven-invoker-2.0.11.jar
7f0b60858000-7f0b6085a000 r--s 00006000 08:03 132610                     /home/michel/.m2/repository/org/apache/maven/shared/maven-common-artifact-filters/1.4/maven-common-artifact-filters-1.4.jar
7f0b6085a000-7f0b6085c000 r--s 0000c000 08:03 132608                     /home/michel/.m2/repository/org/apache/maven/shared/maven-dependency-tree/2.0/maven-dependency-tree-2.0.jar
7f0b6085c000-7f0b6085e000 r--s 00000000 08:03 132606                     /home/michel/.m2/repository/org/codehaus/plexus/plexus-component-annotations/1.5.5/plexus-component-annotations-1.5.5.jar
7f0b6085e000-7f0b6085f000 r--s 0000a000 08:03 5508326                    /home/michel/.m2/repository/asm/asm/3.3.1/asm-3.3.1.jar
7f0b6085f000-7f0b60861000 r--s 00005000 08:03 132605                     /home/michel/.m2/repository/org/apache/maven/shared/maven-dependency-analyzer/1.3/maven-dependency-analyzer-1.3.jar
7f0b60861000-7f0b60864000 r--s 0000c000 08:03 132603                     /home/michel/.m2/repository/org/codehaus/plexus/plexus-io/2.0.6/plexus-io-2.0.6.jar
7f0b60864000-7f0b60867000 r--s 0001b000 08:03 5508437                    /home/michel/.m2/repository/junit/junit/3.8.1/junit-3.8.1.jar
7f0b60867000-7f0b60869000 r--s 00008000 08:03 132600                     /home/michel/.m2/repository/org/apache/maven/shared/maven-shared-io/1.1/maven-shared-io-1.1.jar
7f0b60869000-7f0b6086b000 r--s 00008000 08:03 132598                     /home/michel/.m2/repository/org/apache/maven/shared/file-management/1.2.1/file-management-1.2.1.jar
7f0b6086b000-7f0b6086f000 r--s 00035000 08:03 132596                     /home/michel/.m2/repository/org/codehaus/plexus/plexus-utils/3.0.9/plexus-utils-3.0.9.jar
7f0b6086f000-7f0b60874000 r--s 00029000 08:03 132594                     /home/michel/.m2/repository/org/codehaus/plexus/plexus-archiver/2.2/plexus-archiver-2.2.jar
7f0b60874000-7f0b60876000 r--s 00004000 08:03 132592                     /home/michel/.m2/repository/org/apache/maven/doxia/doxia-module-xhtml/1.0/doxia-module-xhtml-1.0.jar
7f0b60876000-7f0b60877000 r--s 00006000 08:03 132591                     /home/michel/.m2/repository/org/apache/maven/doxia/doxia-module-xdoc/1.0/doxia-module-xdoc-1.0.jar
7f0b60877000-7f0b60878000 r--s 00004000 08:03 132588                     /home/michel/.m2/repository/org/apache/maven/doxia/doxia-module-fml/1.0/doxia-module-fml-1.0.jar
7f0b60878000-7f0b6087a000 r--s 0000a000 08:03 132586                     /home/michel/.m2/repository/org/apache/maven/doxia/doxia-module-apt/1.0/doxia-module-apt-1.0.jar
7f0b6087a000-7f0b6087b000 r--s 0000b000 08:03 132584                     /home/michel/.m2/repository/org/apache/maven/doxia/doxia-decoration-model/1.0/doxia-decoration-model-1.0.jar
7f0b6087b000-7f0b60883000 r--s 00058000 08:03 5770953                    /home/michel/.m2/repository/org/apache/velocity/velocity/1.5/velocity-1.5.jar
7f0b60883000-7f0b60884000 r--s 00001000 08:03 132581                     /home/michel/.m2/repository/org/codehaus/plexus/plexus-velocity/1.1.7/plexus-velocity-1.1.7.jar
7f0b60884000-7f0b60885000 r--s 00002000 08:03 132579                     /home/michel/.m2/repository/org/codehaus/plexus/plexus-i18n/1.0-beta-7/plexus-i18n-1.0-beta-7.jar
7f0b60885000-7f0b60887000 r--s 0000a000 08:03 132577                     /home/michel/.m2/repository/org/apache/maven/doxia/doxia-site-renderer/1.0/doxia-site-renderer-1.0.jar
7f0b60887000-7f0b60888000 r--s 00002000 08:03 5770951                    /home/michel/.m2/repository/org/apache/maven/doxia/doxia-sink-api/1.0/doxia-sink-api-1.0.jar
7f0b60888000-7f0b6088d000 r--s 00016000 08:03 5508216                    /home/michel/.m2/repository/xml-apis/xml-apis/1.0.b2/xml-apis-1.0.b2.jar
7f0b6088d000-7f0b6088f000 r--s 0000e000 08:03 132575                     /home/michel/.m2/repository/oro/oro/2.0.8/oro-2.0.8.jar
7f0b6088f000-7f0b60891000 r--s 00008000 08:03 132573                     /home/michel/.m2/repository/commons-logging/commons-logging/1.0.4/commons-logging-1.0.4.jar
7f0b60891000-7f0b60895000 r--s 00026000 08:03 132572                     /home/michel/.m2/repository/commons-digester/commons-digester/1.6/commons-digester-1.6.jar
7f0b60895000-7f0b6089a000 r--s 0002a000 08:03 132571                     /home/michel/.m2/repository/commons-beanutils/commons-beanutils/1.7.0/commons-beanutils-1.7.0.jar
7f0b6089a000-7f0b6089d000 r--s 00014000 08:03 132570                     /home/michel/.m2/repository/commons-validator/commons-validator/1.2.0/commons-validator-1.2.0.jar
7f0b6089d000-7f0b608a0000 r--s 00018000 08:03 132569                     /home/michel/.m2/repository/commons-io/commons-io/1.4/commons-io-1.4.jar
7f0b608a0000-7f0b608a2000 r--s 00009000 08:03 5900088                    /home/michel/.m2/repository/org/apache/maven/shared/maven-doxia-tools/1.0.2/maven-doxia-tools-1.0.2.jar
7f0b608a2000-7f0b608a5000 r--s 0000b000 08:03 5770943                    /home/michel/.m2/repository/org/apache/maven/doxia/doxia-core/1.0/doxia-core-1.0.jar
7f0b608a5000-7f0b608a7000 r--s 00004000 08:03 5770945                    /home/michel/.m2/repository/org/apache/maven/reporting/maven-reporting-impl/2.0.5/maven-reporting-impl-2.0.5.jar
7f0b608a7000-7f0b608a8000 r--s 00002000 08:03 5770944                    /home/michel/.m2/repository/org/apache/maven/reporting/maven-reporting-api/3.0/maven-reporting-api-3.0.jar
7f0b608a8000-7f0b608aa000 r--s 00002000 08:03 5770947                    /home/michel/.m2/repository/org/codehaus/plexus/plexus-interactivity-api/1.0-alpha-4/plexus-interactivity-api-1.0-alpha-4.jar
7f0b608aa000-7f0b608ac000 r--s 00006000 08:03 5643054                    /home/michel/.m2/repository/commons-cli/commons-cli/1.0/commons-cli-1.0.jar
7f0b608ac000-7f0b608af000 r--s 00021000 08:03 5507400                    /home/michel/.m2/repository/org/apache/maven/plugins/maven-dependency-plugin/2.6/maven-dependency-plugin-2.6.jar
7f0b608af000-7f0b608b3000 r--s 00033000 08:03 132719                     /home/michel/.m2/repository/org/codehaus/plexus/plexus-utils/2.0.5/plexus-utils-2.0.5.jar
7f0b608b3000-7f0b608b4000 r--s 00005000 08:03 5771043                    /home/michel/.m2/repository/org/apache/maven/plugins/maven-clean-plugin/2.4.1/maven-clean-plugin-2.4.1.jar
7f0b608b4000-7f0b608b7000 r--s 00015000 08:03 1704850                    /usr/lib/jvm/java-8-openjdk-amd64/jre/lib/jce.jar
7f0b608b7000-7f0b608ba000 ---p 00000000 00:00 0 
7f0b608ba000-7f0b608f0000 rw-p 00000000 00:00 0 
7f0b608f0000-7f0b608f1000 r--p 00000000 00:00 0 
7f0b608f1000-7f0b60af1000 rw-p 00000000 00:00 0 
7f0b60af1000-7f0b60af5000 r--s 00097000 08:03 1704854                    /usr/lib/jvm/java-8-openjdk-amd64/jre/lib/jsse.jar
7f0b60af5000-7f0b60cf5000 rw-p 00000000 00:00 0 
7f0b60cf5000-7f0b60cf7000 r--s 0000d000 08:03 2241873                    /usr/local/netbeans-8.2/java/maven-nblib/netbeans-eventspy.jar
7f0b60cf7000-7f0b60cfb000 r--s 00013000 08:03 2241883                    /usr/local/netbeans-8.2/java/maven/lib/aether-api-1.13.1.jar
7f0b60cfb000-7f0b60cfe000 r--s 0001d000 08:03 2241877                    /usr/local/netbeans-8.2/java/maven/lib/aether-impl-1.13.1.jar
7f0b60cfe000-7f0b60d01000 r--s 00008000 08:03 2233983                    /usr/local/netbeans-8.2/java/maven/lib/maven-settings-builder-3.0.5.jar
7f0b60d01000-7f0b60d30000 r--s 001c8000 08:03 2241861                    /usr/local/netbeans-8.2/java/maven/lib/wagon-http-2.10-shaded.jar
7f0b60d30000-7f0b60d31000 r--s 0000a000 08:03 2241868                    /usr/local/netbeans-8.2/java/maven/lib/maven-embedder-3.0.5.jar
7f0b60d31000-7f0b60d38000 r--s 0002b000 08:03 2241853                    /usr/local/netbeans-8.2/java/maven/lib/sisu-inject-plexus-2.3.0.jar
7f0b60d38000-7f0b60d3a000 r--s 00009000 08:03 2241891                    /usr/local/netbeans-8.2/java/maven/lib/commons-cli-1.2.jar
7f0b60d3a000-7f0b60d42000 r--s 00050000 08:03 2241855                    /usr/local/netbeans-8.2/java/maven/lib/sisu-guice-3.1.0-no_aop.jar
7f0b60d42000-7f0b60d43000 r--s 00002000 08:03 2241890                    /usr/local/netbeans-8.2/java/maven/lib/wagon-file-2.10.jar
7f0b60d43000-7f0b60d45000 r--s 0000c000 08:03 2233985                    /usr/local/netbeans-8.2/java/maven/lib/maven-aether-provider-3.0.5.jar
7f0b60d45000-7f0b60d49000 r--s 00033000 08:03 2241876                    /usr/local/netbeans-8.2/java/maven/lib/plexus-utils-2.0.6.jar
7f0b60d49000-7f0b60d4f000 r--s 0003f000 08:03 2241879                    /usr/local/netbeans-8.2/java/maven/lib/maven-compat-3.0.5.jar
7f0b60d4f000-7f0b60d53000 r--s 00021000 08:03 2240437                    /usr/local/netbeans-8.2/java/maven/lib/maven-model-builder-3.0.5.jar
7f0b60d53000-7f0b60d54000 r--s 00006000 08:03 2240504                    /usr/local/netbeans-8.2/java/maven/lib/plexus-sec-dispatcher-1.3.jar
7f0b60d54000-7f0b60d73000 r--s 00154000 08:03 2241889                    /usr/local/netbeans-8.2/java/maven/lib/sisu-guava-0.9.9.jar
7f0b60d73000-7f0b60d75000 r--s 0000d000 08:03 2240536                    /usr/local/netbeans-8.2/java/maven/lib/plexus-interpolation-1.14.jar
7f0b60d75000-7f0b60d77000 r--s 00026000 08:03 2241881                    /usr/local/netbeans-8.2/java/maven/lib/maven-model-3.0.5.jar
7f0b60d77000-7f0b60d79000 r--s 00006000 08:03 2233976                    /usr/local/netbeans-8.2/java/maven/lib/maven-repository-metadata-3.0.5.jar
7f0b60d79000-7f0b60d7d000 r--s 0001c000 08:03 2241878                    /usr/local/netbeans-8.2/java/maven/lib/aether-util-1.13.1.jar
7f0b60d7d000-7f0b60d7f000 r--s 00006000 08:03 2233982                    /usr/local/netbeans-8.2/java/maven/lib/aether-connector-wagon-1.13.1.jar
7f0b60d7f000-7f0b60d81000 r--s 00000000 08:03 2233973                    /usr/local/netbeans-8.2/java/maven/lib/plexus-component-annotations-1.5.5.jar
7f0b60d81000-7f0b60d88000 r--s 0003f000 08:03 2241863                    /usr/local/netbeans-8.2/java/maven/lib/sisu-inject-bean-2.3.0.jar
7f0b60d88000-7f0b60d8a000 r--s 0000a000 08:03 2241869                    /usr/local/netbeans-8.2/java/maven/lib/maven-settings-3.0.5.jar
7f0b60d8a000-7f0b60d8c000 r--s 00002000 08:03 2241882                    /usr/local/netbeans-8.2/java/maven/lib/plexus-cipher-1.7.jar
7f0b60d8c000-7f0b60d98000 r--s 0007d000 08:03 2241888                    /usr/local/netbeans-8.2/java/maven/lib/maven-core-3.0.5.jar
7f0b60d98000-7f0b60d9a000 r--s 0000b000 08:03 2241856                    /usr/local/netbeans-8.2/java/maven/lib/wagon-provider-api-2.10.jar
7f0b60d9a000-7f0b60d9c000 r--s 0000b000 08:03 2241867                    /usr/local/netbeans-8.2/java/maven/lib/maven-artifact-3.0.5.jar
7f0b60d9c000-7f0b60db7000 r--s 001d5000 08:03 1704818                    /usr/lib/jvm/java-8-openjdk-amd64/jre/lib/ext/nashorn.jar
7f0b60db7000-7f0b60dd2000 r--s 00394000 08:03 1704817                    /usr/lib/jvm/java-8-openjdk-amd64/jre/lib/ext/cldrdata.jar
7f0b60dd2000-7f0b60dd3000 ---p 00000000 00:00 0 
7f0b60dd3000-7f0b60ed3000 rw-p 00000000 00:00 0 
7f0b60ed3000-7f0b60ed6000 ---p 00000000 00:00 0 
7f0b60ed6000-7f0b60fd4000 rw-p 00000000 00:00 0 
7f0b60fd4000-7f0b60fd7000 ---p 00000000 00:00 0 
7f0b60fd7000-7f0b610d5000 rw-p 00000000 00:00 0 
7f0b610d5000-7f0b610d8000 ---p 00000000 00:00 0 
7f0b610d8000-7f0b611d6000 rw-p 00000000 00:00 0 
7f0b611d6000-7f0b611d9000 ---p 00000000 00:00 0 
7f0b611d9000-7f0b612d7000 rw-p 00000000 00:00 0 
7f0b612d7000-7f0b612da000 ---p 00000000 00:00 0 
7f0b612da000-7f0b613d8000 rw-p 00000000 00:00 0 
7f0b613d8000-7f0b616b1000 r--p 00000000 08:03 1579942                    /usr/lib/locale/locale-archive
7f0b616b1000-7f0b616b4000 ---p 00000000 00:00 0 
7f0b616b4000-7f0b617b2000 rw-p 00000000 00:00 0 
7f0b617b2000-7f0b617b5000 ---p 00000000 00:00 0 
7f0b617b5000-7f0b618b3000 rw-p 00000000 00:00 0 
7f0b618b3000-7f0b618b4000 ---p 00000000 00:00 0 
7f0b618b4000-7f0b62973000 rw-p 00000000 00:00 0 
7f0b62973000-7f0b62b41000 r--s 03bf1000 08:03 1704837                    /usr/lib/jvm/java-8-openjdk-amd64/jre/lib/rt.jar
7f0b62b41000-7f0b6378d000 rw-p 00000000 00:00 0 
7f0b6378d000-7f0b6378e000 ---p 00000000 00:00 0 
7f0b6378e000-7f0b6388e000 rw-p 00000000 00:00 0 
7f0b6388e000-7f0b6388f000 ---p 00000000 00:00 0 
7f0b6388f000-7f0b6398f000 rw-p 00000000 00:00 0 
7f0b6398f000-7f0b63990000 ---p 00000000 00:00 0 
7f0b63990000-7f0b63a90000 rw-p 00000000 00:00 0 
7f0b63a90000-7f0b63a91000 ---p 00000000 00:00 0 
7f0b63a91000-7f0b63bbb000 rw-p 00000000 00:00 0 
7f0b63bbb000-7f0b63e20000 ---p 00000000 00:00 0 
7f0b63e20000-7f0b63e4a000 rw-p 00000000 00:00 0 
7f0b63e4a000-7f0b640ae000 ---p 00000000 00:00 0 
7f0b640ae000-7f0b640f2000 rw-p 00000000 00:00 0 
7f0b640f2000-7f0b641f6000 ---p 00000000 00:00 0 
7f0b641f6000-7f0b64221000 rw-p 00000000 00:00 0 
7f0b64221000-7f0b645b7000 ---p 00000000 00:00 0 
7f0b645b7000-7f0b65027000 rwxp 00000000 00:00 0 
7f0b65027000-7f0b735b7000 ---p 00000000 00:00 0 
7f0b735b7000-7f0b735bf000 r-xp 00000000 08:03 1704793                    /usr/lib/jvm/java-8-openjdk-amd64/jre/lib/amd64/libzip.so
7f0b735bf000-7f0b737be000 ---p 00008000 08:03 1704793                    /usr/lib/jvm/java-8-openjdk-amd64/jre/lib/amd64/libzip.so
7f0b737be000-7f0b737bf000 r--p 00007000 08:03 1704793                    /usr/lib/jvm/java-8-openjdk-amd64/jre/lib/amd64/libzip.so
7f0b737bf000-7f0b737c0000 rw-p 00008000 08:03 1704793                    /usr/lib/jvm/java-8-openjdk-amd64/jre/lib/amd64/libzip.so
7f0b737c0000-7f0b737cb000 r-xp 00000000 08:03 4723240                    /lib/x86_64-linux-gnu/libnss_files-2.23.so
7f0b737cb000-7f0b739ca000 ---p 0000b000 08:03 4723240                    /lib/x86_64-linux-gnu/libnss_files-2.23.so
7f0b739ca000-7f0b739cb000 r--p 0000a000 08:03 4723240                    /lib/x86_64-linux-gnu/libnss_files-2.23.so
7f0b739cb000-7f0b739cc000 rw-p 0000b000 08:03 4723240                    /lib/x86_64-linux-gnu/libnss_files-2.23.so
7f0b739cc000-7f0b739d2000 rw-p 00000000 00:00 0 
7f0b739d2000-7f0b739dd000 r-xp 00000000 08:03 4723237                    /lib/x86_64-linux-gnu/libnss_nis-2.23.so
7f0b739dd000-7f0b73bdc000 ---p 0000b000 08:03 4723237                    /lib/x86_64-linux-gnu/libnss_nis-2.23.so
7f0b73bdc000-7f0b73bdd000 r--p 0000a000 08:03 4723237                    /lib/x86_64-linux-gnu/libnss_nis-2.23.so
7f0b73bdd000-7f0b73bde000 rw-p 0000b000 08:03 4723237                    /lib/x86_64-linux-gnu/libnss_nis-2.23.so
7f0b73bde000-7f0b73bf4000 r-xp 00000000 08:03 4723235                    /lib/x86_64-linux-gnu/libnsl-2.23.so
7f0b73bf4000-7f0b73df3000 ---p 00016000 08:03 4723235                    /lib/x86_64-linux-gnu/libnsl-2.23.so
7f0b73df3000-7f0b73df4000 r--p 00015000 08:03 4723235                    /lib/x86_64-linux-gnu/libnsl-2.23.so
7f0b73df4000-7f0b73df5000 rw-p 00016000 08:03 4723235                    /lib/x86_64-linux-gnu/libnsl-2.23.so
7f0b73df5000-7f0b73df7000 rw-p 00000000 00:00 0 
7f0b73df7000-7f0b73dff000 r-xp 00000000 08:03 4723233                    /lib/x86_64-linux-gnu/libnss_compat-2.23.so
7f0b73dff000-7f0b73ffe000 ---p 00008000 08:03 4723233                    /lib/x86_64-linux-gnu/libnss_compat-2.23.so
7f0b73ffe000-7f0b73fff000 r--p 00007000 08:03 4723233                    /lib/x86_64-linux-gnu/libnss_compat-2.23.so
7f0b73fff000-7f0b74000000 rw-p 00008000 08:03 4723233                    /lib/x86_64-linux-gnu/libnss_compat-2.23.so
7f0b74000000-7f0b74e5c000 rw-p 00000000 00:00 0 
7f0b74e5c000-7f0b78000000 ---p 00000000 00:00 0 
7f0b78000000-7f0b78021000 rw-p 00000000 00:00 0 
7f0b78021000-7f0b7804e000 r-xp 00000000 08:03 1704332                    /usr/lib/jvm/java-8-openjdk-amd64/jre/lib/amd64/libjava.so
7f0b7804e000-7f0b7824d000 ---p 0002d000 08:03 1704332                    /usr/lib/jvm/java-8-openjdk-amd64/jre/lib/amd64/libjava.so
7f0b7824d000-7f0b7824e000 r--p 0002c000 08:03 1704332                    /usr/lib/jvm/java-8-openjdk-amd64/jre/lib/amd64/libjava.so
7f0b7824e000-7f0b78250000 rw-p 0002d000 08:03 1704332                    /usr/lib/jvm/java-8-openjdk-amd64/jre/lib/amd64/libjava.so
7f0b78250000-7f0b7825f000 r-xp 00000000 08:03 1704791                    /usr/lib/jvm/java-8-openjdk-amd64/jre/lib/amd64/libverify.so
7f0b7825f000-7f0b7845e000 ---p 0000f000 08:03 1704791                    /usr/lib/jvm/java-8-openjdk-amd64/jre/lib/amd64/libverify.so
7f0b7845e000-7f0b78460000 r--p 0000e000 08:03 1704791                    /usr/lib/jvm/java-8-openjdk-amd64/jre/lib/amd64/libverify.so
7f0b78460000-7f0b78461000 rw-p 00010000 08:03 1704791                    /usr/lib/jvm/java-8-openjdk-amd64/jre/lib/amd64/libverify.so
7f0b78461000-7f0b78468000 r-xp 00000000 08:03 4723250                    /lib/x86_64-linux-gnu/librt-2.23.so
7f0b78468000-7f0b78667000 ---p 00007000 08:03 4723250                    /lib/x86_64-linux-gnu/librt-2.23.so
7f0b78667000-7f0b78668000 r--p 00006000 08:03 4723250                    /lib/x86_64-linux-gnu/librt-2.23.so
7f0b78668000-7f0b78669000 rw-p 00007000 08:03 4723250                    /lib/x86_64-linux-gnu/librt-2.23.so
7f0b78669000-7f0b7867f000 r-xp 00000000 08:03 4723361                    /lib/x86_64-linux-gnu/libgcc_s.so.1
7f0b7867f000-7f0b7887e000 ---p 00016000 08:03 4723361                    /lib/x86_64-linux-gnu/libgcc_s.so.1
7f0b7887e000-7f0b7887f000 rw-p 00015000 08:03 4723361                    /lib/x86_64-linux-gnu/libgcc_s.so.1
7f0b7887f000-7f0b78987000 r-xp 00000000 08:03 4723246                    /lib/x86_64-linux-gnu/libm-2.23.so
7f0b78987000-7f0b78b86000 ---p 00108000 08:03 4723246                    /lib/x86_64-linux-gnu/libm-2.23.so
7f0b78b86000-7f0b78b87000 r--p 00107000 08:03 4723246                    /lib/x86_64-linux-gnu/libm-2.23.so
7f0b78b87000-7f0b78b88000 rw-p 00108000 08:03 4723246                    /lib/x86_64-linux-gnu/libm-2.23.so
7f0b78b88000-7f0b78cfa000 r-xp 00000000 08:03 1577501                    /usr/lib/x86_64-linux-gnu/libstdc++.so.6.0.21
7f0b78cfa000-7f0b78efa000 ---p 00172000 08:03 1577501                    /usr/lib/x86_64-linux-gnu/libstdc++.so.6.0.21
7f0b78efa000-7f0b78f04000 r--p 00172000 08:03 1577501                    /usr/lib/x86_64-linux-gnu/libstdc++.so.6.0.21
7f0b78f04000-7f0b78f06000 rw-p 0017c000 08:03 1577501                    /usr/lib/x86_64-linux-gnu/libstdc++.so.6.0.21
7f0b78f06000-7f0b78f0a000 rw-p 00000000 00:00 0 
7f0b78f0a000-7f0b79b59000 r-xp 00000000 08:03 1704794                    /usr/lib/jvm/java-8-openjdk-amd64/jre/lib/amd64/server/libjvm.so
7f0b79b59000-7f0b79d58000 ---p 00c4f000 08:03 1704794                    /usr/lib/jvm/java-8-openjdk-amd64/jre/lib/amd64/server/libjvm.so
7f0b79d58000-7f0b79deb000 r--p 00c4e000 08:03 1704794                    /usr/lib/jvm/java-8-openjdk-amd64/jre/lib/amd64/server/libjvm.so
7f0b79deb000-7f0b79e14000 rw-p 00ce1000 08:03 1704794                    /usr/lib/jvm/java-8-openjdk-amd64/jre/lib/amd64/server/libjvm.so
7f0b79e14000-7f0b79e44000 rw-p 00000000 00:00 0 
7f0b79e44000-7f0b79e5c000 r-xp 00000000 08:03 4723265                    /lib/x86_64-linux-gnu/libpthread-2.23.so
7f0b79e5c000-7f0b7a05b000 ---p 00018000 08:03 4723265                    /lib/x86_64-linux-gnu/libpthread-2.23.so
7f0b7a05b000-7f0b7a05c000 r--p 00017000 08:03 4723265                    /lib/x86_64-linux-gnu/libpthread-2.23.so
7f0b7a05c000-7f0b7a05d000 rw-p 00018000 08:03 4723265                    /lib/x86_64-linux-gnu/libpthread-2.23.so
7f0b7a05d000-7f0b7a061000 rw-p 00000000 00:00 0 
7f0b7a061000-7f0b7a064000 r-xp 00000000 08:03 4723282                    /lib/x86_64-linux-gnu/libdl-2.23.so
7f0b7a064000-7f0b7a263000 ---p 00003000 08:03 4723282                    /lib/x86_64-linux-gnu/libdl-2.23.so
7f0b7a263000-7f0b7a264000 r--p 00002000 08:03 4723282                    /lib/x86_64-linux-gnu/libdl-2.23.so
7f0b7a264000-7f0b7a265000 rw-p 00003000 08:03 4723282                    /lib/x86_64-linux-gnu/libdl-2.23.so
7f0b7a265000-7f0b7a27e000 r-xp 00000000 08:03 4723514                    /lib/x86_64-linux-gnu/libz.so.1.2.8
7f0b7a27e000-7f0b7a47d000 ---p 00019000 08:03 4723514                    /lib/x86_64-linux-gnu/libz.so.1.2.8
7f0b7a47d000-7f0b7a47e000 r--p 00018000 08:03 4723514                    /lib/x86_64-linux-gnu/libz.so.1.2.8
7f0b7a47e000-7f0b7a47f000 rw-p 00019000 08:03 4723514                    /lib/x86_64-linux-gnu/libz.so.1.2.8
7f0b7a47f000-7f0b7a63e000 r-xp 00000000 08:03 4723278                    /lib/x86_64-linux-gnu/libc-2.23.so
7f0b7a63e000-7f0b7a83e000 ---p 001bf000 08:03 4723278                    /lib/x86_64-linux-gnu/libc-2.23.so
7f0b7a83e000-7f0b7a842000 r--p 001bf000 08:03 4723278                    /lib/x86_64-linux-gnu/libc-2.23.so
7f0b7a842000-7f0b7a844000 rw-p 001c3000 08:03 4723278                    /lib/x86_64-linux-gnu/libc-2.23.so
7f0b7a844000-7f0b7a848000 rw-p 00000000 00:00 0 
7f0b7a848000-7f0b7a855000 r-xp 00000000 08:03 1704790                    /usr/lib/jvm/java-8-openjdk-amd64/jre/lib/amd64/jli/libjli.so
7f0b7a855000-7f0b7aa55000 ---p 0000d000 08:03 1704790                    /usr/lib/jvm/java-8-openjdk-amd64/jre/lib/amd64/jli/libjli.so
7f0b7aa55000-7f0b7aa56000 r--p 0000d000 08:03 1704790                    /usr/lib/jvm/java-8-openjdk-amd64/jre/lib/amd64/jli/libjli.so
7f0b7aa56000-7f0b7aa57000 rw-p 0000e000 08:03 1704790                    /usr/lib/jvm/java-8-openjdk-amd64/jre/lib/amd64/jli/libjli.so
7f0b7aa57000-7f0b7aa7d000 r-xp 00000000 08:03 4723251                    /lib/x86_64-linux-gnu/ld-2.23.so
7f0b7aa7d000-7f0b7aa7e000 r--s 00002000 08:03 2241864                    /usr/local/netbeans-8.2/java/maven/lib/wagon-http-shared-2.10.jar
7f0b7aa7e000-7f0b7aa80000 r--s 0000b000 08:03 2241862                    /usr/local/netbeans-8.2/java/maven/lib/maven-plugin-api-3.0.5.jar
7f0b7aa80000-7f0b7aa82000 r--s 0000a000 08:03 2241858                    /usr/local/netbeans-8.2/java/maven/boot/plexus-classworlds-2.4.jar
7f0b7aa82000-7f0b7aa85000 r--s 0000f000 08:03 1704825                    /usr/lib/jvm/java-8-openjdk-amd64/jre/lib/ext/icedtea-sound.jar
7f0b7aa85000-7f0b7aa8a000 r--s 0003b000 08:03 1704819                    /usr/lib/jvm/java-8-openjdk-amd64/jre/lib/ext/sunjce_provider.jar
7f0b7aa8a000-7f0b7ab55000 rw-p 00000000 00:00 0 
7f0b7ab55000-7f0b7ab58000 ---p 00000000 00:00 0 
7f0b7ab58000-7f0b7ac5b000 rw-p 00000000 00:00 0 
7f0b7ac5b000-7f0b7ac5c000 r--s 00003000 08:03 2241884                    /usr/local/netbeans-8.2/java/maven/lib/aether-spi-1.13.1.jar
7f0b7ac5c000-7f0b7ac5e000 r--s 00001000 08:03 1704826                    /usr/lib/jvm/java-8-openjdk-amd64/jre/lib/ext/dnsns.jar
7f0b7ac5e000-7f0b7ac60000 r--s 00008000 08:03 1704822                    /usr/lib/jvm/java-8-openjdk-amd64/jre/lib/ext/sunec.jar
7f0b7ac60000-7f0b7ac64000 r--s 00037000 08:03 1704820                    /usr/lib/jvm/java-8-openjdk-amd64/jre/lib/ext/sunpkcs11.jar
7f0b7ac64000-7f0b7ac6e000 r--s 00116000 08:03 1704823                    /usr/lib/jvm/java-8-openjdk-amd64/jre/lib/ext/localedata.jar
7f0b7ac6e000-7f0b7ac6f000 r--s 0000a000 08:03 1704821                    /usr/lib/jvm/java-8-openjdk-amd64/jre/lib/ext/jaccess.jar
7f0b7ac6f000-7f0b7ac70000 r--s 00010000 08:03 1704824                    /usr/lib/jvm/java-8-openjdk-amd64/jre/lib/ext/zipfs.jar
7f0b7ac70000-7f0b7ac78000 rw-s 00000000 08:03 3936255                    /tmp/hsperfdata_michel/10483
7f0b7ac78000-7f0b7ac79000 rw-p 00000000 00:00 0 
7f0b7ac79000-7f0b7ac7a000 r--p 00000000 00:00 0 
7f0b7ac7a000-7f0b7ac7c000 rw-p 00000000 00:00 0 
7f0b7ac7c000-7f0b7ac7d000 r--p 00025000 08:03 4723251                    /lib/x86_64-linux-gnu/ld-2.23.so
7f0b7ac7d000-7f0b7ac7e000 rw-p 00026000 08:03 4723251                    /lib/x86_64-linux-gnu/ld-2.23.so
7f0b7ac7e000-7f0b7ac7f000 rw-p 00000000 00:00 0 
7ffe35b2c000-7ffe35b4d000 rw-p 00000000 00:00 0                          [stack]
7ffe35b6b000-7ffe35b6d000 r--p 00000000 00:00 0                          [vvar]
7ffe35b6d000-7ffe35b6f000 r-xp 00000000 00:00 0                          [vdso]
ffffffffff600000-ffffffffff601000 r-xp 00000000 00:00 0                  [vsyscall]

VM Arguments:
jvm_args: -Dclassworlds.conf=/usr/local/netbeans-8.2/java/maven/bin/m2.conf -Dmaven.home=/usr/local/netbeans-8.2/java/maven 
java_command: org.codehaus.plexus.classworlds.launcher.Launcher -Dmaven.ext.class.path=/usr/local/netbeans-8.2/java/maven-nblib/netbeans-eventspy.jar clean install
java_class_path (initial): /usr/local/netbeans-8.2/java/maven/boot/plexus-classworlds-2.4.jar
Launcher Type: SUN_STANDARD

Environment Variables:
JAVA_HOME=/usr/lib/jvm/java-1.8.0-openjdk-amd64
PATH=/usr/local/sbin:/usr/local/bin:/usr/sbin:/usr/bin:/sbin:/bin:/usr/games:/usr/local/games
USERNAME=michel
LD_LIBRARY_PATH=/usr/lib/jvm/java-1.8.0-openjdk-amd64/jre/lib/amd64:/usr/lib/jvm/java-1.8.0-openjdk-amd64/jre/lib/i386:
SHELL=/bin/bash
DISPLAY=:0

Signal Handlers:
SIGSEGV: [libjvm.so+0xa65880], sa_mask[0]=11111111011111111101111111111110, sa_flags=SA_RESTART|SA_SIGINFO
SIGBUS: [libjvm.so+0xa65880], sa_mask[0]=11111111011111111101111111111110, sa_flags=SA_RESTART|SA_SIGINFO
SIGFPE: [libjvm.so+0x8af1c0], sa_mask[0]=11111111011111111101111111111110, sa_flags=SA_RESTART|SA_SIGINFO
SIGPIPE: [libjvm.so+0x8af1c0], sa_mask[0]=11111111011111111101111111111110, sa_flags=SA_RESTART|SA_SIGINFO
SIGXFSZ: [libjvm.so+0x8af1c0], sa_mask[0]=11111111011111111101111111111110, sa_flags=SA_RESTART|SA_SIGINFO
SIGILL: [libjvm.so+0x8af1c0], sa_mask[0]=11111111011111111101111111111110, sa_flags=SA_RESTART|SA_SIGINFO
SIGUSR1: SIG_DFL, sa_mask[0]=00000000000000000000000000000000, sa_flags=none
SIGUSR2: [libjvm.so+0x8af070], sa_mask[0]=00100000000000000000000000000000, sa_flags=SA_RESTART|SA_SIGINFO
SIGHUP: [libjvm.so+0x8af540], sa_mask[0]=11111111011111111101111111111110, sa_flags=SA_RESTART|SA_SIGINFO
SIGINT: SIG_IGN, sa_mask[0]=00000000000000000000000000000000, sa_flags=none
SIGTERM: [libjvm.so+0x8af540], sa_mask[0]=11111111011111111101111111111110, sa_flags=SA_RESTART|SA_SIGINFO
SIGQUIT: [libjvm.so+0x8af540], sa_mask[0]=11111111011111111101111111111110, sa_flags=SA_RESTART|SA_SIGINFO


---------------  S Y S T E M  ---------------

OS:DISTRIB_ID=LinuxMint
DISTRIB_RELEASE=18
DISTRIB_CODENAME=sarah
DISTRIB_DESCRIPTION="Linux Mint 18 Sarah"

uname:Linux 4.4.0-21-generic #37-Ubuntu SMP Mon Apr 18 18:33:37 UTC 2016 x86_64
libc:glibc 2.23 NPTL 2.23 
rlimit: STACK 8192k, CORE 0k, NPROC 31258, NOFILE 65536, AS infinity
load average:0,07 0,20 0,22

/proc/meminfo:
MemTotal:        8044540 kB
MemFree:         4216880 kB
MemAvailable:    6049884 kB
Buffers:          146348 kB
Cached:          1811200 kB
SwapCached:            0 kB
Active:          2426480 kB
Inactive:        1163996 kB
Active(anon):    1636824 kB
Inactive(anon):   211852 kB
Active(file):     789656 kB
Inactive(file):   952144 kB
Unevictable:          48 kB
Mlocked:              48 kB
SwapTotal:             0 kB
SwapFree:              0 kB
Dirty:               268 kB
Writeback:             0 kB
AnonPages:       1633200 kB
Mapped:           335300 kB
Shmem:            215900 kB
Slab:             163200 kB
SReclaimable:     133420 kB
SUnreclaim:        29780 kB
KernelStack:        7552 kB
PageTables:        25392 kB
NFS_Unstable:          0 kB
Bounce:                0 kB
WritebackTmp:          0 kB
CommitLimit:     4022268 kB
Committed_AS:    4465696 kB
VmallocTotal:   34359738367 kB
VmallocUsed:           0 kB
VmallocChunk:          0 kB
HardwareCorrupted:     0 kB
AnonHugePages:    749568 kB
CmaTotal:              0 kB
CmaFree:               0 kB
HugePages_Total:       0
HugePages_Free:        0
HugePages_Rsvd:        0
HugePages_Surp:        0
Hugepagesize:       2048 kB
DirectMap4k:      125252 kB
DirectMap2M:     3938304 kB
DirectMap1G:     5242880 kB


CPU:total 4 (2 cores per cpu, 2 threads per core) family 6 model 60 stepping 3, cmov, cx8, fxsr, mmx, sse, sse2, sse3, ssse3, sse4.1, sse4.2, popcnt, avx, avx2, aes, clmul, erms, lzcnt, ht, tsc, tscinvbit, bmi1, bmi2

/proc/cpuinfo:
processor	: 0
vendor_id	: GenuineIntel
cpu family	: 6
model		: 60
model name	: Intel(R) Core(TM) i3-4160 CPU @ 3.60GHz
stepping	: 3
microcode	: 0x19
cpu MHz		: 3600.000
cache size	: 3072 KB
physical id	: 0
siblings	: 4
core id		: 0
cpu cores	: 2
apicid		: 0
initial apicid	: 0
fpu		: yes
fpu_exception	: yes
cpuid level	: 13
wp		: yes
flags		: fpu vme de pse tsc msr pae mce cx8 apic sep mtrr pge mca cmov pat pse36 clflush dts acpi mmx fxsr sse sse2 ss ht tm pbe syscall nx pdpe1gb rdtscp lm constant_tsc arch_perfmon pebs bts rep_good nopl xtopology nonstop_tsc aperfmperf eagerfpu pni pclmulqdq dtes64 monitor ds_cpl vmx est tm2 ssse3 sdbg fma cx16 xtpr pdcm pcid sse4_1 sse4_2 movbe popcnt tsc_deadline_timer aes xsave avx f16c rdrand lahf_lm abm epb tpr_shadow vnmi flexpriority ept vpid fsgsbase tsc_adjust bmi1 avx2 smep bmi2 erms invpcid xsaveopt dtherm arat pln pts
bugs		:
bogomips	: 7183.86
clflush size	: 64
cache_alignment	: 64
address sizes	: 39 bits physical, 48 bits virtual
power management:

processor	: 1
vendor_id	: GenuineIntel
cpu family	: 6
model		: 60
model name	: Intel(R) Core(TM) i3-4160 CPU @ 3.60GHz
stepping	: 3
microcode	: 0x19
cpu MHz		: 3599.859
cache size	: 3072 KB
physical id	: 0
siblings	: 4
core id		: 1
cpu cores	: 2
apicid		: 2
initial apicid	: 2
fpu		: yes
fpu_exception	: yes
cpuid level	: 13
wp		: yes
flags		: fpu vme de pse tsc msr pae mce cx8 apic sep mtrr pge mca cmov pat pse36 clflush dts acpi mmx fxsr sse sse2 ss ht tm pbe syscall nx pdpe1gb rdtscp lm constant_tsc arch_perfmon pebs bts rep_good nopl xtopology nonstop_tsc aperfmperf eagerfpu pni pclmulqdq dtes64 monitor ds_cpl vmx est tm2 ssse3 sdbg fma cx16 xtpr pdcm pcid sse4_1 sse4_2 movbe popcnt tsc_deadline_timer aes xsave avx f16c rdrand lahf_lm abm epb tpr_shadow vnmi flexpriority ept vpid fsgsbase tsc_adjust bmi1 avx2 smep bmi2 erms invpcid xsaveopt dtherm arat pln pts
bugs		:
bogomips	: 7183.86
clflush size	: 64
cache_alignment	: 64
address sizes	: 39 bits physical, 48 bits virtual
power management:

processor	: 2
vendor_id	: GenuineIntel
cpu family	: 6
model		: 60
model name	: Intel(R) Core(TM) i3-4160 CPU @ 3.60GHz
stepping	: 3
microcode	: 0x19
cpu MHz		: 3599.859
cache size	: 3072 KB
physical id	: 0
siblings	: 4
core id		: 0
cpu cores	: 2
apicid		: 1
initial apicid	: 1
fpu		: yes
fpu_exception	: yes
cpuid level	: 13
wp		: yes
flags		: fpu vme de pse tsc msr pae mce cx8 apic sep mtrr pge mca cmov pat pse36 clflush dts acpi mmx fxsr sse sse2 ss ht tm pbe syscall nx pdpe1gb rdtscp lm constant_tsc arch_perfmon pebs bts rep_good nopl xtopology nonstop_tsc aperfmperf eagerfpu pni pclmulqdq dtes64 monitor ds_cpl vmx est tm2 ssse3 sdbg fma cx16 xtpr pdcm pcid sse4_1 sse4_2 movbe popcnt tsc_deadline_timer aes xsave avx f16c rdrand lahf_lm abm epb tpr_shadow vnmi flexpriority ept vpid fsgsbase tsc_adjust bmi1 avx2 smep bmi2 erms invpcid xsaveopt dtherm arat pln pts
bugs		:
bogomips	: 7183.86
clflush size	: 64
cache_alignment	: 64
address sizes	: 39 bits physical, 48 bits virtual
power management:

processor	: 3
vendor_id	: GenuineIntel
cpu family	: 6
model		: 60
model name	: Intel(R) Core(TM) i3-4160 CPU @ 3.60GHz
stepping	: 3
microcode	: 0x19
cpu MHz		: 3599.859
cache size	: 3072 KB
physical id	: 0
siblings	: 4
core id		: 1
cpu cores	: 2
apicid		: 3
initial apicid	: 3
fpu		: yes
fpu_exception	: yes
cpuid level	: 13
wp		: yes
flags		: fpu vme de pse tsc msr pae mce cx8 apic sep mtrr pge mca cmov pat pse36 clflush dts acpi mmx fxsr sse sse2 ss ht tm pbe syscall nx pdpe1gb rdtscp lm constant_tsc arch_perfmon pebs bts rep_good nopl xtopology nonstop_tsc aperfmperf eagerfpu pni pclmulqdq dtes64 monitor ds_cpl vmx est tm2 ssse3 sdbg fma cx16 xtpr pdcm pcid sse4_1 sse4_2 movbe popcnt tsc_deadline_timer aes xsave avx f16c rdrand lahf_lm abm epb tpr_shadow vnmi flexpriority ept vpid fsgsbase tsc_adjust bmi1 avx2 smep bmi2 erms invpcid xsaveopt dtherm arat pln pts
bugs		:
bogomips	: 7183.86
clflush size	: 64
cache_alignment	: 64
address sizes	: 39 bits physical, 48 bits virtual
power management:



Memory: 4k page, physical 8044540k(4216880k free), swap 0k(0k free)

vm_info: OpenJDK 64-Bit Server VM (25.111-b14) for linux-amd64 JRE (1.8.0_111-8u111-b14-2ubuntu0.16.04.2-b14), built on Oct 27 2016 18:10:19 by "buildd" with gcc 5.4.0 20160609

time: Thu Nov 24 11:10:28 2016
elapsed time: 155 seconds (0d 0h 2m 35s)

